  [4;36;1mSQL (0.0ms)[0m   [0;1mSET NAMES 'utf8'[0m
  [4;35;1mSQL (1.0ms)[0m   [0mSET SQL_AUTO_IS_NULL=0[0m


Processing SessionsController#new (for 127.0.0.1 at 2009-11-06 23:33:47) [GET]
Rendering template within layouts/application
Rendering sessions/new
Completed in 19ms (View: 14, DB: 1) | 200 OK [http://127.0.0.1/]
  [4;36;1mSQL (1.0ms)[0m   [0;1mSET NAMES 'utf8'[0m
  [4;35;1mSQL (0.0ms)[0m   [0mSET SQL_AUTO_IS_NULL=0[0m


Processing SessionsController#new (for 127.0.0.1 at 2009-11-06 23:33:56) [GET]
Rendering template within layouts/application
Rendering sessions/new
Completed in 20ms (View: 14, DB: 1) | 200 OK [http://127.0.0.1/]
  [4;36;1mSQL (0.0ms)[0m   [0;1mSET NAMES 'utf8'[0m
  [4;35;1mSQL (1.0ms)[0m   [0mSET SQL_AUTO_IS_NULL=0[0m


Processing SessionsController#new (for 127.0.0.1 at 2009-11-06 23:35:42) [GET]
Rendering template within layouts/application
Rendering sessions/new
Completed in 68ms (View: 62, DB: 1) | 200 OK [http://127.0.0.1/]
  [4;36;1mSQL (1.0ms)[0m   [0;1mSET NAMES 'utf8'[0m
  [4;35;1mSQL (1.0ms)[0m   [0mSET SQL_AUTO_IS_NULL=0[0m


Processing SessionsController#new (for 127.0.0.1 at 2009-11-06 23:35:59) [GET]
Rendering template within layouts/application
Rendering sessions/new
Completed in 20ms (View: 14, DB: 2) | 200 OK [http://127.0.0.1/]
  [4;36;1mSQL (1.0ms)[0m   [0;1mSET NAMES 'utf8'[0m
  [4;35;1mSQL (1.0ms)[0m   [0mSET SQL_AUTO_IS_NULL=0[0m


Processing SessionsController#create (for 127.0.0.1 at 2009-11-06 23:36:12) [POST]
  Parameters: {"commit"=>"Log in", "authenticity_token"=>"3KaxQVFpKCEiHo1fkrA8hSbl/n9yAEpda8TNW8Ww08U=", "login"=>"minutemarker", "password"=>"123456"}
  [4;36;1mUser Load (1.0ms)[0m   [0;1mSELECT * FROM `users` WHERE (`users`.`login` = 'minutemarker') AND (users.state = 'active') LIMIT 1[0m
  [4;35;1mUser Columns (9.0ms)[0m   [0mSHOW FIELDS FROM `users`[0m
Redirected to http://127.0.0.1:3002/stage/index/1
Completed in 34ms (DB: 12) | 302 Found [http://127.0.0.1/session]
  [4;36;1mSQL (0.0ms)[0m   [0;1mSET NAMES 'utf8'[0m
  [4;35;1mSQL (0.0ms)[0m   [0mSET SQL_AUTO_IS_NULL=0[0m


Processing StageController#index (for 127.0.0.1 at 2009-11-06 23:36:13) [GET]
  Parameters: {"id"=>"1"}
  [4;36;1mStage Load (1.0ms)[0m   [0;1mSELECT * FROM `stages` WHERE (`stages`.`user_id` = 1) ORDER BY created_at DESC[0m
Rendering template within layouts/application
Rendering stage/index
  [4;35;1mStage Columns (6.0ms)[0m   [0mSHOW FIELDS FROM `stages`[0m
Rendered stage/_show (20.0ms)
Rendered stage/_show (1.0ms)
Completed in 1556ms (View: 63, DB: 7) | 200 OK [http://127.0.0.1/stage/index/1]
  [4;36;1mSQL (1.0ms)[0m   [0;1mSET NAMES 'utf8'[0m
  [4;35;1mSQL (0.0ms)[0m   [0mSET SQL_AUTO_IS_NULL=0[0m


Processing StageController#show (for 127.0.0.1 at 2009-11-06 23:36:18) [GET]
  Parameters: {"name"=>"VIDEO0003.3gp", "file"=>"/swf/0000/0002/VIDEO0003.3gp"}
  [4;36;1mStage Load (1.0ms)[0m   [0;1mSELECT * FROM `stages` WHERE (`stages`.`user_id` = 1) ORDER BY created_at DESC[0m
currently trying to convert the video ( /public/swf/0000/0002/VIDEO0003.3gp ) path ( C:/Users/User/My Documents/Aptana RadRails Workspace/zauth2) from content type of /public/swf/0000/0002/VIDEO0003.flv to flv
Rendering template within layouts/application
Rendering stage/show
  [4;35;1mStage Columns (6.0ms)[0m   [0mSHOW FIELDS FROM `stages`[0m
Rendered stage/_show (16.0ms)
Rendered stage/_show (1.0ms)
Completed in 1328ms (View: 43, DB: 8) | 200 OK [http://127.0.0.1/stage/show?file=%2Fswf%2F0000%2F0002%2FVIDEO0003.3gp&name=VIDEO0003.3gp]
  [4;36;1mSQL (5.0ms)[0m   [0;1mSET NAMES 'utf8'[0m
  [4;35;1mSQL (4.0ms)[0m   [0mSET SQL_AUTO_IS_NULL=0[0m


Processing ApplicationController#index (for 127.0.0.1 at 2009-11-06 23:36:20) [GET]

ActionController::RoutingError (No route matches "/swf/0000/0002/VIDEO0003.flv" with {:method=>:get}):
  -e:2:in `load'
  -e:2

Rendering rescues/layout (not_found)
  [4;36;1mSQL (0.0ms)[0m   [0;1mSET NAMES 'utf8'[0m
  [4;35;1mSQL (0.0ms)[0m   [0mSET SQL_AUTO_IS_NULL=0[0m


Processing StageController#show (for 127.0.0.1 at 2009-11-06 23:36:51) [GET]
  Parameters: {"name"=>"VIDEO0003.3gp", "file"=>"/swf/0000/0002/VIDEO0003.3gp"}
  [4;36;1mStage Load (3.0ms)[0m   [0;1mSELECT * FROM `stages` WHERE (`stages`.`user_id` = 1) ORDER BY created_at DESC[0m
currently trying to convert the video ( /public/swf/0000/0002/VIDEO0003.3gp ) path ( C:/Users/User/My Documents/Aptana RadRails Workspace/zauth2) from content type of /public/swf/0000/0002/VIDEO0003.flv to flv
Rendering template within layouts/application
Rendering stage/show
  [4;35;1mStage Columns (71.0ms)[0m   [0mSHOW FIELDS FROM `stages`[0m
Rendered stage/_show (80.0ms)
Rendered stage/_show (2.0ms)
Completed in 1542ms (View: 39, DB: 74) | 200 OK [http://127.0.0.1/stage/show?file=%2Fswf%2F0000%2F0002%2FVIDEO0003.3gp&name=VIDEO0003.3gp]
  [4;36;1mSQL (0.0ms)[0m   [0;1mSET NAMES 'utf8'[0m
  [4;35;1mSQL (1.0ms)[0m   [0mSET SQL_AUTO_IS_NULL=0[0m


Processing ApplicationController#index (for 127.0.0.1 at 2009-11-06 23:36:54) [GET]

ActionController::RoutingError (No route matches "/swf/0000/0002/VIDEO0003.flv" with {:method=>:get}):
  -e:2:in `load'
  -e:2

Rendering rescues/layout (not_found)
  [4;36;1mSQL (1.0ms)[0m   [0;1mSET NAMES 'utf8'[0m
  [4;35;1mSQL (0.0ms)[0m   [0mSET SQL_AUTO_IS_NULL=0[0m


Processing StageController#show (for 127.0.0.1 at 2009-11-06 23:37:33) [GET]
  Parameters: {"name"=>"VIDEO0004.3gp", "file"=>"/swf/0000/0001/VIDEO0004.3gp"}
  [4;36;1mStage Load (1.0ms)[0m   [0;1mSELECT * FROM `stages` WHERE (`stages`.`user_id` = 1) ORDER BY created_at DESC[0m
currently trying to convert the video ( /public/swf/0000/0001/VIDEO0004.3gp ) path ( C:/Users/User/My Documents/Aptana RadRails Workspace/zauth2) from content type of /public/swf/0000/0001/VIDEO0004.flv to flv
Rendering template within layouts/application
Rendering stage/show
  [4;35;1mStage Columns (7.0ms)[0m   [0mSHOW FIELDS FROM `stages`[0m
Rendered stage/_show (17.0ms)
Rendered stage/_show (1.0ms)
Completed in 1379ms (View: 29, DB: 9) | 200 OK [http://127.0.0.1/stage/show?file=%2Fswf%2F0000%2F0001%2FVIDEO0004.3gp&name=VIDEO0004.3gp]
  [4;36;1mSQL (0.0ms)[0m   [0;1mSET NAMES 'utf8'[0m
  [4;35;1mSQL (2.0ms)[0m   [0mSET SQL_AUTO_IS_NULL=0[0m


Processing StageController#show (for 127.0.0.1 at 2009-11-06 23:38:39) [GET]
  Parameters: {"name"=>"VIDEO0004.3gp", "file"=>"/swf/0000/0001/VIDEO0004.3gp"}
  [4;36;1mStage Load (2.0ms)[0m   [0;1mSELECT * FROM `stages` WHERE (`stages`.`user_id` = 1) ORDER BY created_at DESC[0m
currently trying to convert the video ( /public/swf/0000/0001/VIDEO0004.3gp ) path ( C:/Users/User/My Documents/Aptana RadRails Workspace/zauth2) from content type of /public/swf/0000/0001/VIDEO0004.flv to flv
Rendering template within layouts/application
Rendering stage/show
  [4;35;1mStage Columns (10.0ms)[0m   [0mSHOW FIELDS FROM `stages`[0m
Rendered stage/_show (22.0ms)
Rendered stage/_show (2.0ms)
Completed in 1627ms (View: 35, DB: 14) | 200 OK [http://127.0.0.1/stage/show?file=%2Fswf%2F0000%2F0001%2FVIDEO0004.3gp&name=VIDEO0004.3gp]
  [4;36;1mSQL (1.0ms)[0m   [0;1mSET NAMES 'utf8'[0m
  [4;35;1mSQL (0.0ms)[0m   [0mSET SQL_AUTO_IS_NULL=0[0m


Processing SessionsController#new (for 127.0.0.1 at 2009-11-06 23:53:13) [GET]
Rendering template within layouts/application
Rendering sessions/new
Completed in 60ms (View: 54, DB: 1) | 200 OK [http://127.0.0.1/]
  [4;36;1mSQL (0.0ms)[0m   [0;1mSET NAMES 'utf8'[0m
  [4;35;1mSQL (1.0ms)[0m   [0mSET SQL_AUTO_IS_NULL=0[0m


Processing SessionsController#create (for 127.0.0.1 at 2009-11-06 23:53:25) [POST]
  Parameters: {"commit"=>"Log in", "authenticity_token"=>"3KaxQVFpKCEiHo1fkrA8hSbl/n9yAEpda8TNW8Ww08U=", "login"=>"minutemarker", "password"=>"123456"}
  [4;36;1mUser Load (2.0ms)[0m   [0;1mSELECT * FROM `users` WHERE (`users`.`login` = 'minutemarker') AND (users.state = 'active') LIMIT 1[0m
  [4;35;1mUser Columns (26.0ms)[0m   [0mSHOW FIELDS FROM `users`[0m
Redirected to http://127.0.0.1:3002/stage/index/1
Completed in 57ms (DB: 29) | 302 Found [http://127.0.0.1/session]
  [4;36;1mSQL (1.0ms)[0m   [0;1mSET NAMES 'utf8'[0m
  [4;35;1mSQL (0.0ms)[0m   [0mSET SQL_AUTO_IS_NULL=0[0m


Processing StageController#index (for 127.0.0.1 at 2009-11-06 23:53:25) [GET]
  Parameters: {"id"=>"1"}
  [4;36;1mStage Load (1.0ms)[0m   [0;1mSELECT * FROM `stages` WHERE (`stages`.`user_id` = 1) ORDER BY created_at DESC[0m
Rendering template within layouts/application
Rendering stage/index
  [4;35;1mStage Columns (7.0ms)[0m   [0mSHOW FIELDS FROM `stages`[0m
Rendered stage/_show (19.0ms)
Rendered stage/_show (1.0ms)
Completed in 1690ms (View: 205, DB: 9) | 200 OK [http://127.0.0.1/stage/index/1]
  [4;36;1mSQL (0.0ms)[0m   [0;1mSET NAMES 'utf8'[0m
  [4;35;1mSQL (0.0ms)[0m   [0mSET SQL_AUTO_IS_NULL=0[0m


Processing StageController#show (for 127.0.0.1 at 2009-11-06 23:53:34) [GET]
  Parameters: {"name"=>"VIDEO0003.3gp", "file"=>"/swf/0000/0002/VIDEO0003.3gp"}
  [4;36;1mStage Load (1.0ms)[0m   [0;1mSELECT * FROM `stages` WHERE (`stages`.`user_id` = 1) ORDER BY created_at DESC[0m
currently trying to convert the video ( /public/swf/0000/0002/VIDEO0003.3gp ) path ( C:/Users/User/My Documents/Aptana RadRails Workspace/zauth2) from content type of /public/swf/0000/0002/VIDEO0003.flv to flv
Rendering template within layouts/application
Rendering stage/show
  [4;35;1mStage Columns (11.0ms)[0m   [0mSHOW FIELDS FROM `stages`[0m
Rendered stage/_show (21.0ms)
Rendered stage/_show (1.0ms)
Completed in 1324ms (View: 42, DB: 12) | 200 OK [http://127.0.0.1/stage/show?file=%2Fswf%2F0000%2F0002%2FVIDEO0003.3gp&name=VIDEO0003.3gp]
  [4;36;1mSQL (0.0ms)[0m   [0;1mSET NAMES 'utf8'[0m
  [4;35;1mSQL (0.0ms)[0m   [0mSET SQL_AUTO_IS_NULL=0[0m


Processing ApplicationController#index (for 127.0.0.1 at 2009-11-06 23:53:36) [GET]

ActionController::RoutingError (No route matches "/swf/0000/0002/VIDEO0003.flv" with {:method=>:get}):
  -e:2:in `load'
  -e:2

Rendering rescues/layout (not_found)
  [4;36;1mSQL (0.0ms)[0m   [0;1mSET NAMES 'utf8'[0m
  [4;35;1mSQL (1.0ms)[0m   [0mSET SQL_AUTO_IS_NULL=0[0m


Processing StageController#show (for 127.0.0.1 at 2009-11-06 23:54:02) [GET]
  Parameters: {"name"=>"VIDEO0003.3gp", "file"=>"/swf/0000/0002/VIDEO0003.3gp"}
  [4;36;1mStage Load (1.0ms)[0m   [0;1mSELECT * FROM `stages` WHERE (`stages`.`user_id` = 1) ORDER BY created_at DESC[0m
currently trying to convert the video ( /public/swf/0000/0002/VIDEO0003.3gp ) path ( C:/Users/User/My Documents/Aptana RadRails Workspace/zauth2) from content type of /public/swf/0000/0002/VIDEO0003.flv to flv
Rendering template within layouts/application
Rendering stage/show
  [4;35;1mStage Columns (10.0ms)[0m   [0mSHOW FIELDS FROM `stages`[0m
Rendered stage/_show (19.0ms)
Rendered stage/_show (1.0ms)
Completed in 1540ms (View: 28, DB: 12) | 200 OK [http://127.0.0.1/stage/show?file=%2Fswf%2F0000%2F0002%2FVIDEO0003.3gp&name=VIDEO0003.3gp]
  [4;36;1mSQL (0.0ms)[0m   [0;1mSET NAMES 'utf8'[0m
  [4;35;1mSQL (1.0ms)[0m   [0mSET SQL_AUTO_IS_NULL=0[0m


Processing ApplicationController#index (for 127.0.0.1 at 2009-11-06 23:54:05) [GET]

ActionController::RoutingError (No route matches "/swf/0000/0002/VIDEO0003.flv" with {:method=>:get}):
  -e:2:in `load'
  -e:2

Rendering rescues/layout (not_found)
  [4;36;1mSQL (0.0ms)[0m   [0;1mSET NAMES 'utf8'[0m
  [4;35;1mSQL (0.0ms)[0m   [0mSET SQL_AUTO_IS_NULL=0[0m


Processing ApplicationController#index (for 127.0.0.1 at 2009-11-07 01:16:22) [GET]

ActionController::RoutingError (No route matches "/swf/0000/0002/VIDEO0003.flv" with {:method=>:get}):
  -e:2:in `load'
  -e:2

Rendering rescues/layout (not_found)
  [4;36;1mSQL (0.0ms)[0m   [0;1mSET NAMES 'utf8'[0m
  [4;35;1mSQL (1.0ms)[0m   [0mSET SQL_AUTO_IS_NULL=0[0m


Processing ApplicationController#index (for 127.0.0.1 at 2009-11-07 01:16:23) [GET]

ActionController::RoutingError (No route matches "/swf/0000/0002/VIDEO0003.flv" with {:method=>:get}):
  -e:2:in `load'
  -e:2

Rendering rescues/layout (not_found)
  [4;36;1mSQL (1.0ms)[0m   [0;1mSET NAMES 'utf8'[0m
  [4;35;1mSQL (0.0ms)[0m   [0mSET SQL_AUTO_IS_NULL=0[0m


Processing StageController#show (for 127.0.0.1 at 2009-11-07 01:16:29) [GET]
  Parameters: {"name"=>"VIDEO0004.3gp", "file"=>"/swf/0000/0001/VIDEO0004.3gp"}
  [4;36;1mStage Load (2.0ms)[0m   [0;1mSELECT * FROM `stages` WHERE (`stages`.`user_id` = 1) ORDER BY created_at DESC[0m
currently trying to convert the video ( /public/swf/0000/0001/VIDEO0004.3gp ) path ( C:/Users/User/My Documents/Aptana RadRails Workspace/zauth2) from content type of /public/swf/0000/0001/VIDEO0004.flv to flv
Rendering template within layouts/application
Rendering stage/show
  [4;35;1mStage Columns (9.0ms)[0m   [0mSHOW FIELDS FROM `stages`[0m
Rendered stage/_show (17.0ms)
Rendered stage/_show (1.0ms)
Completed in 1572ms (View: 27, DB: 12) | 200 OK [http://127.0.0.1/stage/show?file=%2Fswf%2F0000%2F0001%2FVIDEO0004.3gp&name=VIDEO0004.3gp]
  [4;36;1mSQL (0.0ms)[0m   [0;1mSET NAMES 'utf8'[0m
  [4;35;1mSQL (0.0ms)[0m   [0mSET SQL_AUTO_IS_NULL=0[0m


Processing SessionsController#new (for 127.0.0.1 at 2009-11-07 10:51:32) [GET]
Rendering template within layouts/application
Rendering sessions/new
Completed in 6983ms (View: 6978, DB: 0) | 200 OK [http://127.0.0.1/]
  [4;36;1mSQL (1.0ms)[0m   [0;1mSET NAMES 'utf8'[0m
  [4;35;1mSQL (0.0ms)[0m   [0mSET SQL_AUTO_IS_NULL=0[0m


Processing SessionsController#create (for 127.0.0.1 at 2009-11-07 10:51:49) [POST]
  Parameters: {"commit"=>"Log in", "authenticity_token"=>"KLywXuWM3L+GyAiPxTEsMIEBP2swYFedXKkEoo483+c=", "login"=>"karthikraja", "password"=>"kil2972"}
  [4;36;1mUser Load (148.0ms)[0m   [0;1mSELECT * FROM `users` WHERE (`users`.`login` = 'karthikraja') AND (users.state = 'active') LIMIT 1[0m
Redirected to http://127.0.0.1:3002/session/new
Completed in 160ms (DB: 149) | 302 Found [http://127.0.0.1/session]
  [4;35;1mSQL (1.0ms)[0m   [0mSET NAMES 'utf8'[0m
  [4;36;1mSQL (0.0ms)[0m   [0;1mSET SQL_AUTO_IS_NULL=0[0m


Processing SessionsController#new (for 127.0.0.1 at 2009-11-07 10:51:50) [GET]
Rendering template within layouts/application
Rendering sessions/new
Completed in 23ms (View: 16, DB: 1) | 200 OK [http://127.0.0.1/session/new]
  [4;35;1mSQL (1.0ms)[0m   [0mSET NAMES 'utf8'[0m
  [4;36;1mSQL (0.0ms)[0m   [0;1mSET SQL_AUTO_IS_NULL=0[0m


Processing SessionsController#create (for 127.0.0.1 at 2009-11-07 10:52:00) [POST]
  Parameters: {"commit"=>"Log in", "authenticity_token"=>"KLywXuWM3L+GyAiPxTEsMIEBP2swYFedXKkEoo483+c=", "login"=>"minutemarker", "password"=>"vetri123"}
  [4;35;1mUser Load (1.0ms)[0m   [0mSELECT * FROM `users` WHERE (`users`.`login` = 'minutemarker') AND (users.state = 'active') LIMIT 1[0m
  [4;36;1mUser Columns (36.0ms)[0m   [0;1mSHOW FIELDS FROM `users`[0m
Redirected to http://127.0.0.1:3002/session/new
Completed in 62ms (DB: 38) | 302 Found [http://127.0.0.1/session]
  [4;35;1mSQL (0.0ms)[0m   [0mSET NAMES 'utf8'[0m
  [4;36;1mSQL (1.0ms)[0m   [0;1mSET SQL_AUTO_IS_NULL=0[0m


Processing SessionsController#new (for 127.0.0.1 at 2009-11-07 10:52:00) [GET]
Rendering template within layouts/application
Rendering sessions/new
Completed in 20ms (View: 14, DB: 1) | 200 OK [http://127.0.0.1/session/new]
  [4;35;1mSQL (1.0ms)[0m   [0mSET NAMES 'utf8'[0m
  [4;36;1mSQL (0.0ms)[0m   [0;1mSET SQL_AUTO_IS_NULL=0[0m


Processing UsersController#new (for 127.0.0.1 at 2009-11-07 10:52:04) [GET]
Rendering template within layouts/application
Rendering users/new
Completed in 101ms (View: 95, DB: 1) | 200 OK [http://127.0.0.1/signup]
  [4;35;1mSQL (0.0ms)[0m   [0mSET NAMES 'utf8'[0m
  [4;36;1mSQL (2.0ms)[0m   [0;1mSET SQL_AUTO_IS_NULL=0[0m


Processing UsersController#create (for 127.0.0.1 at 2009-11-07 10:52:24) [POST]
  Parameters: {"user"=>{"password_confirmation"=>"kil2972", "password"=>"kil2972", "login"=>"karthikraja", "email"=>"karthikraja.sr@gmail.com"}, "commit"=>"Sign up", "authenticity_token"=>"KLywXuWM3L+GyAiPxTEsMIEBP2swYFedXKkEoo483+c="}
  [4;35;1mUser Columns (8.0ms)[0m   [0mSHOW FIELDS FROM `users`[0m
  [4;36;1mUser Exists (67.0ms)[0m   [0;1mSELECT `users`.id FROM `users` WHERE (LOWER(`users`.`login`) = BINARY 'karthikraja') LIMIT 1[0m
  [4;35;1mUser Exists (1.0ms)[0m   [0mSELECT `users`.id FROM `users` WHERE (LOWER(`users`.`email`) = BINARY 'karthikraja.sr@gmail.com') LIMIT 1[0m
  [4;36;1mSQL (1.0ms)[0m   [0;1mBEGIN[0m
  [4;35;1mUser Create (20.0ms)[0m   [0mINSERT INTO `users` (`salt`, `activated_at`, `updated_at`, `crypted_password`, `deleted_at`, `activation_code`, `remember_token_expires_at`, `password_reset_code`, `remember_token`, `login`, `email`, `state`, `created_at`) VALUES('3424f789e5a97c43f8e9e66b1ad56d75a851df21', NULL, '2009-11-07 10:52:25', '780570c99b82c72b5c79c8f3870ee00554be9566', NULL, 'd30bc179bb79e06ce8be5c44ea7fa59421e2e53f', NULL, NULL, NULL, 'karthikraja', 'karthikraja.sr@gmail.com', 'pending', '2009-11-07 10:52:25')[0m
  [4;36;1mUser Load (1.0ms)[0m   [0;1mSELECT * FROM `users` WHERE (`users`.`id` = 2) [0m
Sent mail to karthikraja.sr@gmail.com

Date: Sat, 7 Nov 2009 10:52:25 +0800
To: karthikraja.sr@gmail.com
Subject: [MinuteMarker Android App] New account information Please activate your new account
Mime-Version: 1.0
Content-Type: text/html; charset=utf-8

Your account has been created.

  Username: karthikraja
  Password: kil2972

Visit this url to activate your account:

  http://127.0.0.1:3003/activate/d30bc179bb79e06ce8be5c44ea7fa59421e2e53f
  [4;35;1mCACHE (0.0ms)[0m   [0mSELECT * FROM `users` WHERE (`users`.`id` = 2) [0m
  [4;36;1mSQL (23.0ms)[0m   [0;1mCOMMIT[0m
Rendering template within layouts/application
Rendering users/create
Completed in 10369ms (View: 68, DB: 123) | 200 OK [http://127.0.0.1/users]
  [4;35;1mSQL (0.0ms)[0m   [0mSET NAMES 'utf8'[0m
  [4;36;1mSQL (1.0ms)[0m   [0;1mSET SQL_AUTO_IS_NULL=0[0m


Processing UsersController#activate (for 127.0.0.1 at 2009-11-07 10:52:56) [GET]
  Parameters: {"activation_code"=>"d30bc179bb79e06ce8be5c44ea7fa59421e2e53f"}
  [4;35;1mUser Columns (7.0ms)[0m   [0mSHOW FIELDS FROM `users`[0m
  [4;36;1mUser Load (1.0ms)[0m   [0;1mSELECT * FROM `users` WHERE (`users`.`activation_code` = 'd30bc179bb79e06ce8be5c44ea7fa59421e2e53f') LIMIT 1[0m
  [4;35;1mSQL (1.0ms)[0m   [0mBEGIN[0m
  [4;36;1mUser Update (26.0ms)[0m   [0;1mUPDATE `users` SET `activated_at` = '2009-11-07 02:52:56', `activation_code` = NULL, `state` = 'active', `updated_at` = '2009-11-07 10:52:56' WHERE `id` = 2[0m
  [4;35;1mUser Load (1.0ms)[0m   [0mSELECT * FROM `users` WHERE (`users`.`id` = 2) [0m
  [4;36;1mSQL (17.0ms)[0m   [0;1mCOMMIT[0m
Redirected to http://127.0.0.1:3002/
Completed in 83ms (DB: 54) | 302 Found [http://127.0.0.1/activate/d30bc179bb79e06ce8be5c44ea7fa59421e2e53f]
  [4;35;1mSQL (0.0ms)[0m   [0mSET NAMES 'utf8'[0m
  [4;36;1mSQL (1.0ms)[0m   [0;1mSET SQL_AUTO_IS_NULL=0[0m


Processing SessionsController#new (for 127.0.0.1 at 2009-11-07 10:52:57) [GET]
Rendering template within layouts/application
Rendering sessions/new
Completed in 27ms (View: 21, DB: 1) | 200 OK [http://127.0.0.1/]
  [4;35;1mSQL (0.0ms)[0m   [0mSET NAMES 'utf8'[0m
  [4;36;1mSQL (0.0ms)[0m   [0;1mSET SQL_AUTO_IS_NULL=0[0m


Processing SessionsController#create (for 127.0.0.1 at 2009-11-07 10:53:06) [POST]
  Parameters: {"commit"=>"Log in", "authenticity_token"=>"KLywXuWM3L+GyAiPxTEsMIEBP2swYFedXKkEoo483+c=", "login"=>"karthikraja", "password"=>"kil2972"}
  [4;35;1mUser Load (1.0ms)[0m   [0mSELECT * FROM `users` WHERE (`users`.`login` = 'karthikraja') AND (users.state = 'active') LIMIT 1[0m
  [4;36;1mUser Columns (9.0ms)[0m   [0;1mSHOW FIELDS FROM `users`[0m
Redirected to http://127.0.0.1:3002/stage/index/2
Completed in 33ms (DB: 10) | 302 Found [http://127.0.0.1/session]
  [4;35;1mSQL (1.0ms)[0m   [0mSET NAMES 'utf8'[0m
  [4;36;1mSQL (0.0ms)[0m   [0;1mSET SQL_AUTO_IS_NULL=0[0m


Processing StageController#index (for 127.0.0.1 at 2009-11-07 10:53:06) [GET]
  Parameters: {"id"=>"2"}
  [4;35;1mStage Load (2.0ms)[0m   [0mSELECT * FROM `stages` WHERE (`stages`.`user_id` = 2) ORDER BY created_at DESC[0m
Rendering template within layouts/application
Rendering stage/index
Completed in 1451ms (View: 43, DB: 3) | 200 OK [http://127.0.0.1/stage/index/2]
  [4;36;1mSQL (1.0ms)[0m   [0;1mSET NAMES 'utf8'[0m
  [4;35;1mSQL (0.0ms)[0m   [0mSET SQL_AUTO_IS_NULL=0[0m


Processing StageController#new (for 127.0.0.1 at 2009-11-07 10:54:24) [GET]
  Parameters: {"id"=>"2"}
  [4;36;1mStage Columns (10.0ms)[0m   [0;1mSHOW FIELDS FROM `stages`[0m
  [4;35;1mUser Load (1.0ms)[0m   [0mSELECT * FROM `users` [0m
Rendering template within layouts/application
Rendering stage/new
Completed in 1520ms (View: 228, DB: 12) | 200 OK [http://127.0.0.1/stage/new/2]
  [4;36;1mSQL (0.0ms)[0m   [0;1mSET NAMES 'utf8'[0m
  [4;35;1mSQL (0.0ms)[0m   [0mSET SQL_AUTO_IS_NULL=0[0m


Processing StageController#new (for 127.0.0.1 at 2009-11-07 10:54:56) [GET]
  Parameters: {"id"=>"2"}
  [4;36;1mStage Columns (6.0ms)[0m   [0;1mSHOW FIELDS FROM `stages`[0m
  [4;35;1mUser Load (1.0ms)[0m   [0mSELECT * FROM `users` [0m
Rendering template within layouts/application
Rendering stage/new
Completed in 1312ms (View: 23, DB: 7) | 200 OK [http://127.0.0.1/stage/new/2]
